<?xml version="1.0" encoding="UTF-8"?>
<!-- Generated by org.testng.reporters.JUnitReportReporter -->
<testsuite hostname="INBook_X1" failures="0" tests="1" name="testScripts.ThirdTest" time="29.820" errors="0" timestamp="2023-02-19T10:34:50 IST" skipped="0">
  <testcase classname="testScripts.ThirdTest" name="thirdTest" time="29.820"/>
  <system-out/>
</testsuite> <!-- testScripts.ThirdTest -->
