<?xml version="1.0" encoding="UTF-8"?>
<!-- Generated by org.testng.reporters.JUnitReportReporter -->
<testsuite hostname="INBook_X1" failures="0" tests="1" name="testScripts.SecondTest" time="5.791" errors="0" timestamp="2023-02-19T10:31:15 IST" skipped="0">
  <testcase classname="testScripts.SecondTest" name="secondTest" time="5.791"/>
  <system-out/>
</testsuite> <!-- testScripts.SecondTest -->
