<?xml version="1.0" encoding="UTF-8"?>
<!-- Generated by org.testng.reporters.JUnitReportReporter -->
<testsuite hostname="INBook_X1" failures="0" tests="1" name="testScripts.FirstTest" time="7.707" errors="0" timestamp="2023-02-19T10:30:28 IST" skipped="0">
  <testcase classname="testScripts.FirstTest" name="firstTest" time="7.707"/>
  <system-out/>
</testsuite> <!-- testScripts.FirstTest -->
