<?xml version="1.0" encoding="UTF-8"?>
<!-- Generated by org.testng.reporters.JUnitReportReporter -->
<testsuite hostname="INBook_X1" failures="0" tests="1" name="testScripts.SecondTest" time="143.916" errors="0" timestamp="2023-02-18T00:21:30 IST" skipped="0">
  <testcase classname="testScripts.SecondTest" name="secondTest" time="143.916"/>
  <system-out/>
</testsuite> <!-- testScripts.SecondTest -->
