<?xml version="1.0" encoding="UTF-8"?>
<!-- Generated by org.testng.reporters.JUnitReportReporter -->
<testsuite hostname="INBook_X1" failures="0" tests="1" name="testScripts.FourthTest" time="13.788" errors="0" timestamp="2023-02-19T18:19:14 IST" skipped="0">
  <testcase classname="testScripts.FourthTest" name="fourthTest" time="13.788"/>
  <system-out/>
</testsuite> <!-- testScripts.FourthTest -->
