<?xml version="1.0" encoding="UTF-8"?>
<!-- Generated by org.testng.reporters.JUnitReportReporter -->
<testsuite hostname="INBook_X1" failures="0" tests="1" name="testScripts.SecondTest" time="204.785" errors="0" timestamp="2023-02-22T08:39:26 IST" skipped="0">
  <testcase classname="testScripts.SecondTest" name="secondTest" time="204.785"/>
  <system-out/>
</testsuite> <!-- testScripts.SecondTest -->
