<?xml version="1.0" encoding="UTF-8"?>
<!-- Generated by org.testng.reporters.JUnitReportReporter -->
<testsuite hostname="INBook_X1" failures="0" tests="1" name="testScripts.FirstTest" time="9.422" errors="0" timestamp="2023-02-17T23:36:29 IST" skipped="0">
  <testcase classname="testScripts.FirstTest" name="firstTest" time="9.422"/>
  <system-out/>
</testsuite> <!-- testScripts.FirstTest -->
