<?xml version="1.0" encoding="UTF-8"?>
<!-- Generated by org.testng.reporters.JUnitReportReporter -->
<testsuite hostname="INBook_X1" failures="0" tests="1" name="testScripts.FirstTest" time="25.215" errors="0" timestamp="2023-02-17T09:32:39 IST" skipped="0">
  <testcase classname="testScripts.FirstTest" name="firstTest" time="25.215"/>
  <system-out/>
</testsuite> <!-- testScripts.FirstTest -->
